REQUESTING PAGE: GET /users/1/edit with {} and HTTP headers {}
REQUESTING PAGE: GET http://www.example.com/signin?locale=en with {} and HTTP headers {"HTTP_REFERER"=>"/users/1/edit"}
REQUESTING PAGE: POST /sessions?locale=en with {"utf8"=>"\xE2\x9C\x93", "session"=>{"email"=>"swcool9944@example.com", "password"=>"foobar"}, "commit"=>"Sign in"} and HTTP headers {"HTTP_REFERER"=>"http://www.example.com/signin?locale=en"}
REQUESTING PAGE: GET http://www.example.com/users/1/edit with {} and HTTP headers {"HTTP_REFERER"=>"/sessions?locale=en"}
REQUESTING PAGE: GET / with {} and HTTP headers {}
REQUESTING PAGE: GET /signin with {} and HTTP headers {}
REQUESTING PAGE: POST /sessions?locale=en with {"utf8"=>"\xE2\x9C\x93", "session"=>{"email"=>"swcool9944@example.com", "password"=>"foobar"}, "commit"=>"Sign in"} and HTTP headers {"HTTP_REFERER"=>"/signin"}
REQUESTING PAGE: GET http://www.example.com/users/1?locale=en with {} and HTTP headers {"HTTP_REFERER"=>"/sessions?locale=en"}
REQUESTING PAGE: GET / with {} and HTTP headers {"HTTP_REFERER"=>"http://www.example.com/users/1?locale=en"}
REQUESTING PAGE: GET /signin with {} and HTTP headers {}
REQUESTING PAGE: POST /sessions?locale=en with {"utf8"=>"\xE2\x9C\x93", "session"=>{"email"=>"swcool9944@example.com", "password"=>"foobar"}, "commit"=>"Sign in"} and HTTP headers {"HTTP_REFERER"=>"/signin"}
REQUESTING PAGE: GET http://www.example.com/users/1?locale=en with {} and HTTP headers {"HTTP_REFERER"=>"/sessions?locale=en"}
REQUESTING PAGE: GET / with {} and HTTP headers {"HTTP_REFERER"=>"http://www.example.com/users/1?locale=en"}
REQUESTING PAGE: GET /signin with {} and HTTP headers {}
REQUESTING PAGE: POST /sessions?locale=en with {"utf8"=>"\xE2\x9C\x93", "session"=>{"email"=>"swcool9944@example.com", "password"=>"foobar"}, "commit"=>"Sign in"} and HTTP headers {"HTTP_REFERER"=>"/signin"}
REQUESTING PAGE: GET http://www.example.com/users/1?locale=en with {} and HTTP headers {"HTTP_REFERER"=>"/sessions?locale=en"}
REQUESTING PAGE: GET / with {} and HTTP headers {"HTTP_REFERER"=>"http://www.example.com/users/1?locale=en"}
REQUESTING PAGE: POST /microposts?locale=en with {"utf8"=>"\xE2\x9C\x93", "micropost"=>{"content"=>""}, "commit"=>"Submit"} and HTTP headers {"HTTP_REFERER"=>"/"}
REQUESTING PAGE: GET /signin with {} and HTTP headers {}
REQUESTING PAGE: POST /sessions?locale=en with {"utf8"=>"\xE2\x9C\x93", "session"=>{"email"=>"swcool9944@example.com", "password"=>"foobar"}, "commit"=>"Sign in"} and HTTP headers {"HTTP_REFERER"=>"/signin"}
REQUESTING PAGE: GET http://www.example.com/users/1?locale=en with {} and HTTP headers {"HTTP_REFERER"=>"/sessions?locale=en"}
REQUESTING PAGE: GET / with {} and HTTP headers {"HTTP_REFERER"=>"http://www.example.com/users/1?locale=en"}
REQUESTING PAGE: POST /microposts?locale=en with {"utf8"=>"\xE2\x9C\x93", "micropost"=>{"content"=>"Lorem ipsum dolor sit amet"}, "commit"=>"Submit"} and HTTP headers {"HTTP_REFERER"=>"/"}
REQUESTING PAGE: GET http://www.example.com/?locale=en with {} and HTTP headers {"HTTP_REFERER"=>"/microposts?locale=en"}
REQUESTING PAGE: GET /signup with {} and HTTP headers {}
REQUESTING PAGE: POST /users?locale=en with {"utf8"=>"\xE2\x9C\x93", "user"=>{"screen_name"=>"", "email"=>"", "password"=>"", "password_confirmation"=>""}, "commit"=>"Sign up"} and HTTP headers {"HTTP_REFERER"=>"/signup"}
REQUESTING PAGE: GET /signup with {} and HTTP headers {}
REQUESTING PAGE: POST /users?locale=en with {"utf8"=>"\xE2\x9C\x93", "user"=>{"screen_name"=>"Example_User", "email"=>"user@example.com", "password"=>"foobar", "password_confirmation"=>"foobar"}, "commit"=>"Sign up"} and HTTP headers {"HTTP_REFERER"=>"/signup"}
REQUESTING PAGE: GET http://www.example.com/users/1?locale=en with {} and HTTP headers {"HTTP_REFERER"=>"/users?locale=en"}
REQUESTING PAGE: GET /users/1/edit with {} and HTTP headers {}
REQUESTING PAGE: GET http://www.example.com/signin?locale=en with {} and HTTP headers {"HTTP_REFERER"=>"/users/1/edit"}
REQUESTING PAGE: POST /sessions?locale=en with {"utf8"=>"\xE2\x9C\x93", "session"=>{"email"=>"swcool9944@example.com", "password"=>"foobar"}, "commit"=>"Sign in"} and HTTP headers {"HTTP_REFERER"=>"http://www.example.com/signin?locale=en"}
REQUESTING PAGE: GET http://www.example.com/users/1/edit with {} and HTTP headers {"HTTP_REFERER"=>"/sessions?locale=en"}
REQUESTING PAGE: GET / with {} and HTTP headers {}
REQUESTING PAGE: GET /signin with {} and HTTP headers {}
REQUESTING PAGE: POST /sessions?locale=en with {"utf8"=>"\xE2\x9C\x93", "session"=>{"email"=>"swcool9944@example.com", "password"=>"foobar"}, "commit"=>"Sign in"} and HTTP headers {"HTTP_REFERER"=>"/signin"}
REQUESTING PAGE: GET http://www.example.com/users/1?locale=en with {} and HTTP headers {"HTTP_REFERER"=>"/sessions?locale=en"}
REQUESTING PAGE: GET / with {} and HTTP headers {"HTTP_REFERER"=>"http://www.example.com/users/1?locale=en"}
REQUESTING PAGE: GET /signin with {} and HTTP headers {}
REQUESTING PAGE: POST /sessions?locale=en with {"utf8"=>"\xE2\x9C\x93", "session"=>{"email"=>"swcool9944@example.com", "password"=>"foobar"}, "commit"=>"Sign in"} and HTTP headers {"HTTP_REFERER"=>"/signin"}
REQUESTING PAGE: GET http://www.example.com/users/1?locale=en with {} and HTTP headers {"HTTP_REFERER"=>"/sessions?locale=en"}
REQUESTING PAGE: GET / with {} and HTTP headers {"HTTP_REFERER"=>"http://www.example.com/users/1?locale=en"}
REQUESTING PAGE: GET /signin with {} and HTTP headers {}
REQUESTING PAGE: POST /sessions?locale=en with {"utf8"=>"\xE2\x9C\x93", "session"=>{"email"=>"swcool9944@example.com", "password"=>"foobar"}, "commit"=>"Sign in"} and HTTP headers {"HTTP_REFERER"=>"/signin"}
REQUESTING PAGE: GET http://www.example.com/users/1?locale=en with {} and HTTP headers {"HTTP_REFERER"=>"/sessions?locale=en"}
REQUESTING PAGE: GET / with {} and HTTP headers {"HTTP_REFERER"=>"http://www.example.com/users/1?locale=en"}
REQUESTING PAGE: POST /microposts?locale=en with {"utf8"=>"\xE2\x9C\x93", "micropost"=>{"content"=>""}, "commit"=>"Submit"} and HTTP headers {"HTTP_REFERER"=>"/"}
REQUESTING PAGE: GET /signin with {} and HTTP headers {}
REQUESTING PAGE: POST /sessions?locale=en with {"utf8"=>"\xE2\x9C\x93", "session"=>{"email"=>"swcool9944@example.com", "password"=>"foobar"}, "commit"=>"Sign in"} and HTTP headers {"HTTP_REFERER"=>"/signin"}
REQUESTING PAGE: GET http://www.example.com/users/1?locale=en with {} and HTTP headers {"HTTP_REFERER"=>"/sessions?locale=en"}
REQUESTING PAGE: GET / with {} and HTTP headers {"HTTP_REFERER"=>"http://www.example.com/users/1?locale=en"}
REQUESTING PAGE: POST /microposts?locale=en with {"utf8"=>"\xE2\x9C\x93", "micropost"=>{"content"=>"Lorem ipsum dolor sit amet"}, "commit"=>"Submit"} and HTTP headers {"HTTP_REFERER"=>"/"}
REQUESTING PAGE: GET http://www.example.com/?locale=en with {} and HTTP headers {"HTTP_REFERER"=>"/microposts?locale=en"}
REQUESTING PAGE: GET /signup with {} and HTTP headers {}
REQUESTING PAGE: POST /users?locale=en with {"utf8"=>"\xE2\x9C\x93", "user"=>{"screen_name"=>"", "email"=>"", "password"=>"", "password_confirmation"=>""}, "commit"=>"Sign up"} and HTTP headers {"HTTP_REFERER"=>"/signup"}
REQUESTING PAGE: GET /signup with {} and HTTP headers {}
REQUESTING PAGE: POST /users?locale=en with {"utf8"=>"\xE2\x9C\x93", "user"=>{"screen_name"=>"Example_User", "email"=>"user@example.com", "password"=>"foobar", "password_confirmation"=>"foobar"}, "commit"=>"Sign up"} and HTTP headers {"HTTP_REFERER"=>"/signup"}
REQUESTING PAGE: GET http://www.example.com/users/1?locale=en with {} and HTTP headers {"HTTP_REFERER"=>"/users?locale=en"}
